Information: Updating design information... (UID-85)
 
****************************************
Report : timing
        -path full
        -delay max
        -max_paths 1
Design : pid
Version: N-2017.09-SP5-2
Date   : Wed Jul 15 09:20:06 2020
****************************************

Operating Conditions: ua11lschs12bdr_108c125_wc   Library: ua11lschs12bdr_108c125_wc
Wire Load Model Mode: top

  Startpoint: clk_10M_reg
              (rising edge-triggered flip-flop clocked by my_clk)
  Endpoint: clk_10M (output port clocked by my_clk)
  Path Group: my_clk
  Path Type: max

  Des/Clust/Port     Wire Load Model       Library
  ------------------------------------------------
  pid                wl0                   ua11lschs12bdr_108c125_wc

  Point                                    Incr       Path
  -----------------------------------------------------------
  clock my_clk (rise edge)                 0.00       0.00
  clock network delay (ideal)              0.80       0.80
  clk_10M_reg/CK (DFQRM2LM)                0.00       0.80 r
  clk_10M_reg/Q (DFQRM2LM)                 0.78       1.58 r
  clk_10M (out)                            0.00       1.58 r
  data arrival time                                   1.58

  clock my_clk (rise edge)                20.00      20.00
  clock network delay (ideal)              0.80      20.80
  clock uncertainty                       -0.30      20.50
  output external delay                  -12.00       8.50
  data required time                                  8.50
  -----------------------------------------------------------
  data required time                                  8.50
  data arrival time                                  -1.58
  -----------------------------------------------------------
  slack (MET)                                         6.92


1
